[0.023s] Invoking command in '/home/fukumotoyuki/ros2_ws/src/build/tutorial_topic': CMAKE_PREFIX_PATH=${CMAKE_PREFIX_PATH}:/opt/ros/foxy /usr/bin/cmake /home/fukumotoyuki/ros2_ws/src/tutorial_topic -DCMAKE_INSTALL_PREFIX=/home/fukumotoyuki/ros2_ws/src/install/tutorial_topic
[0.118s] -- The C compiler identification is GNU 9.4.0
[0.193s] -- The CXX compiler identification is GNU 9.4.0
[0.204s] -- Check for working C compiler: /usr/bin/cc
[0.309s] -- Check for working C compiler: /usr/bin/cc -- works
[0.342s] -- Detecting C compiler ABI info
[0.463s] -- Detecting C compiler ABI info - done
[0.500s] -- Detecting C compile features
[0.513s] -- Detecting C compile features - done
[0.525s] -- Check for working CXX compiler: /usr/bin/c++
[0.777s] -- Check for working CXX compiler: /usr/bin/c++ -- works
[0.778s] -- Detecting CXX compiler ABI info
[0.956s] -- Detecting CXX compiler ABI info - done
[0.973s] -- Detecting CXX compile features
[0.973s] -- Detecting CXX compile features - done
[1.001s] -- Found ament_cmake: 0.9.9 (/opt/ros/foxy/share/ament_cmake/cmake)
[1.067s] -- Found PythonInterp: /usr/bin/python3 (found suitable version "3.8.10", minimum required is "3") 
[1.067s] -- Using PYTHON_EXECUTABLE: /usr/bin/python3
[1.565s] -- Found rclcpp: 2.4.1 (/opt/ros/foxy/share/rclcpp/cmake)
[1.647s] -- Using all available rosidl_typesupport_c: rosidl_typesupport_fastrtps_c;rosidl_typesupport_introspection_c
[1.658s] -- Found rosidl_adapter: 1.2.1 (/opt/ros/foxy/share/rosidl_adapter/cmake)
[1.785s] -- Found OpenSSL: /usr/lib/x86_64-linux-gnu/libcrypto.so (found version "1.1.1f")  
[1.847s] -- Found FastRTPS: /opt/ros/foxy/include  
[1.983s] -- Using all available rosidl_typesupport_cpp: rosidl_typesupport_fastrtps_cpp;rosidl_typesupport_introspection_cpp
[2.081s] -- Found rmw_implementation_cmake: 1.0.3 (/opt/ros/foxy/share/rmw_implementation_cmake/cmake)
[2.084s] -- Using RMW implementation 'rmw_fastrtps_cpp' as default
[2.086s] -- Looking for pthread.h
[2.191s] -- Looking for pthread.h - found
[2.191s] -- Performing Test CMAKE_HAVE_LIBC_PTHREAD
[2.348s] -- Performing Test CMAKE_HAVE_LIBC_PTHREAD - Failed
[2.349s] -- Looking for pthread_create in pthreads
[2.425s] -- Looking for pthread_create in pthreads - not found
[2.426s] -- Looking for pthread_create in pthread
[2.551s] -- Looking for pthread_create in pthread - found
[2.553s] -- Found Threads: TRUE  
[2.927s] -- Configuring done
[2.952s] -- Generating done
[2.956s] -- Build files have been written to: /home/fukumotoyuki/ros2_ws/src/build/tutorial_topic
[2.966s] Invoked command in '/home/fukumotoyuki/ros2_ws/src/build/tutorial_topic' returned '0': CMAKE_PREFIX_PATH=${CMAKE_PREFIX_PATH}:/opt/ros/foxy /usr/bin/cmake /home/fukumotoyuki/ros2_ws/src/tutorial_topic -DCMAKE_INSTALL_PREFIX=/home/fukumotoyuki/ros2_ws/src/install/tutorial_topic
[2.971s] Invoking command in '/home/fukumotoyuki/ros2_ws/src/build/tutorial_topic': CMAKE_PREFIX_PATH=${CMAKE_PREFIX_PATH}:/opt/ros/foxy /usr/bin/cmake --build /home/fukumotoyuki/ros2_ws/src/build/tutorial_topic -- -j4 -l4
[3.029s] [35m[1mScanning dependencies of target subscriber[0m
[3.030s] [35m[1mScanning dependencies of target publisher[0m
[3.171s] [ 25%] [32mBuilding CXX object CMakeFiles/publisher.dir/src/publisher.cpp.o[0m
[3.173s] [ 50%] [32mBuilding CXX object CMakeFiles/subscriber.dir/src/subscriber.cpp.o[0m
[9.638s] [ 75%] [32m[1mLinking CXX executable publisher[0m
[10.046s] [ 75%] Built target publisher
[12.935s] [100%] [32m[1mLinking CXX executable subscriber[0m
[13.435s] [100%] Built target subscriber
[13.454s] Invoked command in '/home/fukumotoyuki/ros2_ws/src/build/tutorial_topic' returned '0': CMAKE_PREFIX_PATH=${CMAKE_PREFIX_PATH}:/opt/ros/foxy /usr/bin/cmake --build /home/fukumotoyuki/ros2_ws/src/build/tutorial_topic -- -j4 -l4
[13.523s] Invoking command in '/home/fukumotoyuki/ros2_ws/src/build/tutorial_topic': CMAKE_PREFIX_PATH=${CMAKE_PREFIX_PATH}:/opt/ros/foxy /usr/bin/cmake --install /home/fukumotoyuki/ros2_ws/src/build/tutorial_topic
[13.542s] -- Install configuration: ""
[13.542s] -- Installing: /home/fukumotoyuki/ros2_ws/src/install/tutorial_topic/lib/tutorial_topic/publisher
[13.543s] -- Set runtime path of "/home/fukumotoyuki/ros2_ws/src/install/tutorial_topic/lib/tutorial_topic/publisher" to ""
[13.543s] -- Installing: /home/fukumotoyuki/ros2_ws/src/install/tutorial_topic/lib/tutorial_topic/subscriber
[13.546s] -- Set runtime path of "/home/fukumotoyuki/ros2_ws/src/install/tutorial_topic/lib/tutorial_topic/subscriber" to ""
[13.546s] -- Installing: /home/fukumotoyuki/ros2_ws/src/install/tutorial_topic/share/ament_index/resource_index/package_run_dependencies/tutorial_topic
[13.546s] -- Installing: /home/fukumotoyuki/ros2_ws/src/install/tutorial_topic/share/ament_index/resource_index/parent_prefix_path/tutorial_topic
[13.547s] -- Installing: /home/fukumotoyuki/ros2_ws/src/install/tutorial_topic/share/tutorial_topic/environment/ament_prefix_path.sh
[13.547s] -- Installing: /home/fukumotoyuki/ros2_ws/src/install/tutorial_topic/share/tutorial_topic/environment/ament_prefix_path.dsv
[13.547s] -- Installing: /home/fukumotoyuki/ros2_ws/src/install/tutorial_topic/share/tutorial_topic/environment/path.sh
[13.547s] -- Installing: /home/fukumotoyuki/ros2_ws/src/install/tutorial_topic/share/tutorial_topic/environment/path.dsv
[13.548s] -- Installing: /home/fukumotoyuki/ros2_ws/src/install/tutorial_topic/share/tutorial_topic/local_setup.bash
[13.548s] -- Installing: /home/fukumotoyuki/ros2_ws/src/install/tutorial_topic/share/tutorial_topic/local_setup.sh
[13.548s] -- Installing: /home/fukumotoyuki/ros2_ws/src/install/tutorial_topic/share/tutorial_topic/local_setup.zsh
[13.548s] -- Installing: /home/fukumotoyuki/ros2_ws/src/install/tutorial_topic/share/tutorial_topic/local_setup.dsv
[13.548s] -- Installing: /home/fukumotoyuki/ros2_ws/src/install/tutorial_topic/share/tutorial_topic/package.dsv
[13.549s] -- Installing: /home/fukumotoyuki/ros2_ws/src/install/tutorial_topic/share/ament_index/resource_index/packages/tutorial_topic
[13.549s] -- Installing: /home/fukumotoyuki/ros2_ws/src/install/tutorial_topic/share/tutorial_topic/cmake/tutorial_topicConfig.cmake
[13.549s] -- Installing: /home/fukumotoyuki/ros2_ws/src/install/tutorial_topic/share/tutorial_topic/cmake/tutorial_topicConfig-version.cmake
[13.549s] -- Installing: /home/fukumotoyuki/ros2_ws/src/install/tutorial_topic/share/tutorial_topic/package.xml
[13.553s] Invoked command in '/home/fukumotoyuki/ros2_ws/src/build/tutorial_topic' returned '0': CMAKE_PREFIX_PATH=${CMAKE_PREFIX_PATH}:/opt/ros/foxy /usr/bin/cmake --install /home/fukumotoyuki/ros2_ws/src/build/tutorial_topic
