[0.159s] DEBUG:colcon:Command line arguments: ['/usr/bin/colcon', 'build', '--packages-select', 'tutorial_topic']
[0.159s] DEBUG:colcon:Parsed command line arguments: Namespace(allow_overriding=[], ament_cmake_args=None, base_paths=['.'], build_base='build', catkin_cmake_args=None, catkin_skip_building_tests=False, cmake_args=None, cmake_clean_cache=False, cmake_clean_first=False, cmake_force_configure=False, cmake_target=None, cmake_target_skip_unavailable=False, continue_on_error=False, event_handlers=None, executor='parallel', ignore_user_meta=False, install_base='install', log_base=None, log_level=None, main=<bound method BuildVerb.main of <colcon_core.verb.build.BuildVerb object at 0x7f027ccbf220>>, merge_install=False, metas=['./colcon.meta'], packages_above=None, packages_above_and_dependencies=None, packages_above_depth=None, packages_end=None, packages_ignore=None, packages_ignore_regex=None, packages_select=['tutorial_topic'], packages_select_build_failed=False, packages_select_by_dep=None, packages_select_regex=None, packages_select_test_failures=False, packages_skip=None, packages_skip_build_finished=False, packages_skip_by_dep=None, packages_skip_regex=None, packages_skip_test_passed=False, packages_skip_up_to=None, packages_start=None, packages_up_to=None, packages_up_to_regex=None, parallel_workers=4, paths=None, symlink_install=False, test_result_base=None, verb_extension=<colcon_core.verb.build.BuildVerb object at 0x7f027ccbf220>, verb_name='build', verb_parser=<colcon_defaults.argument_parser.defaults.DefaultArgumentsDecorator object at 0x7f027ccbf760>)
[0.190s] Level 1:colcon.colcon_core.package_discovery:discover_packages(colcon_meta) check parameters
[0.191s] Level 1:colcon.colcon_core.package_discovery:discover_packages(recursive) check parameters
[0.191s] Level 1:colcon.colcon_core.package_discovery:discover_packages(ignore) check parameters
[0.191s] Level 1:colcon.colcon_core.package_discovery:discover_packages(path) check parameters
[0.191s] Level 1:colcon.colcon_core.package_discovery:discover_packages(colcon_meta) discover
[0.191s] Level 1:colcon.colcon_core.package_discovery:discover_packages(recursive) discover
[0.191s] INFO:colcon.colcon_core.package_discovery:Crawling recursively for packages in '/home/fukumotoyuki/ros2_ws/src'
[0.191s] Level 1:colcon.colcon_core.package_identification:_identify(.) by extensions ['ignore', 'ignore_ament_install']
[0.191s] Level 1:colcon.colcon_core.package_identification:_identify(.) by extension 'ignore'
[0.191s] Level 1:colcon.colcon_core.package_identification:_identify(.) by extension 'ignore_ament_install'
[0.191s] Level 1:colcon.colcon_core.package_identification:_identify(.) by extensions ['colcon_pkg']
[0.191s] Level 1:colcon.colcon_core.package_identification:_identify(.) by extension 'colcon_pkg'
[0.191s] Level 1:colcon.colcon_core.package_identification:_identify(.) by extensions ['colcon_meta']
[0.191s] Level 1:colcon.colcon_core.package_identification:_identify(.) by extension 'colcon_meta'
[0.191s] Level 1:colcon.colcon_core.package_identification:_identify(.) by extensions ['ros']
[0.191s] Level 1:colcon.colcon_core.package_identification:_identify(.) by extension 'ros'
[0.204s] Level 1:colcon.colcon_core.package_identification:_identify(.) by extensions ['cmake', 'python']
[0.205s] Level 1:colcon.colcon_core.package_identification:_identify(.) by extension 'cmake'
[0.205s] Level 1:colcon.colcon_core.package_identification:_identify(.) by extension 'python'
[0.205s] Level 1:colcon.colcon_core.package_identification:_identify(.) by extensions ['python_setup_py']
[0.205s] Level 1:colcon.colcon_core.package_identification:_identify(.) by extension 'python_setup_py'
[0.205s] Level 1:colcon.colcon_core.package_identification:_identify(build) by extensions ['ignore', 'ignore_ament_install']
[0.205s] Level 1:colcon.colcon_core.package_identification:_identify(build) by extension 'ignore'
[0.205s] Level 1:colcon.colcon_core.package_identification:_identify(build) ignored
[0.205s] Level 1:colcon.colcon_core.package_identification:_identify(install) by extensions ['ignore', 'ignore_ament_install']
[0.205s] Level 1:colcon.colcon_core.package_identification:_identify(install) by extension 'ignore'
[0.205s] Level 1:colcon.colcon_core.package_identification:_identify(install) ignored
[0.206s] Level 1:colcon.colcon_core.package_identification:_identify(log) by extensions ['ignore', 'ignore_ament_install']
[0.206s] Level 1:colcon.colcon_core.package_identification:_identify(log) by extension 'ignore'
[0.206s] Level 1:colcon.colcon_core.package_identification:_identify(log) ignored
[0.206s] Level 1:colcon.colcon_core.package_identification:_identify(tutorial_package) by extensions ['ignore', 'ignore_ament_install']
[0.206s] Level 1:colcon.colcon_core.package_identification:_identify(tutorial_package) by extension 'ignore'
[0.206s] Level 1:colcon.colcon_core.package_identification:_identify(tutorial_package) by extension 'ignore_ament_install'
[0.206s] Level 1:colcon.colcon_core.package_identification:_identify(tutorial_package) by extensions ['colcon_pkg']
[0.206s] Level 1:colcon.colcon_core.package_identification:_identify(tutorial_package) by extension 'colcon_pkg'
[0.206s] Level 1:colcon.colcon_core.package_identification:_identify(tutorial_package) by extensions ['colcon_meta']
[0.206s] Level 1:colcon.colcon_core.package_identification:_identify(tutorial_package) by extension 'colcon_meta'
[0.206s] Level 1:colcon.colcon_core.package_identification:_identify(tutorial_package) by extensions ['ros']
[0.206s] Level 1:colcon.colcon_core.package_identification:_identify(tutorial_package) by extension 'ros'
[0.209s] DEBUG:colcon.colcon_core.package_identification:Package 'tutorial_package' with type 'ros.ament_cmake' and name 'tutorial_package'
[0.209s] Level 1:colcon.colcon_core.package_identification:_identify(tutorial_topic) by extensions ['ignore', 'ignore_ament_install']
[0.209s] Level 1:colcon.colcon_core.package_identification:_identify(tutorial_topic) by extension 'ignore'
[0.210s] Level 1:colcon.colcon_core.package_identification:_identify(tutorial_topic) by extension 'ignore_ament_install'
[0.210s] Level 1:colcon.colcon_core.package_identification:_identify(tutorial_topic) by extensions ['colcon_pkg']
[0.210s] Level 1:colcon.colcon_core.package_identification:_identify(tutorial_topic) by extension 'colcon_pkg'
[0.210s] Level 1:colcon.colcon_core.package_identification:_identify(tutorial_topic) by extensions ['colcon_meta']
[0.210s] Level 1:colcon.colcon_core.package_identification:_identify(tutorial_topic) by extension 'colcon_meta'
[0.210s] Level 1:colcon.colcon_core.package_identification:_identify(tutorial_topic) by extensions ['ros']
[0.210s] Level 1:colcon.colcon_core.package_identification:_identify(tutorial_topic) by extension 'ros'
[0.211s] DEBUG:colcon.colcon_core.package_identification:Package 'tutorial_topic' with type 'ros.ament_cmake' and name 'tutorial_topic'
[0.211s] Level 1:colcon.colcon_core.package_discovery:discover_packages(recursive) using defaults
[0.211s] Level 1:colcon.colcon_core.package_discovery:discover_packages(ignore) discover
[0.211s] Level 1:colcon.colcon_core.package_discovery:discover_packages(ignore) using defaults
[0.211s] Level 1:colcon.colcon_core.package_discovery:discover_packages(path) discover
[0.211s] Level 1:colcon.colcon_core.package_discovery:discover_packages(path) using defaults
[0.234s] INFO:colcon.colcon_core.package_selection:Skipping not selected package 'tutorial_package' in 'tutorial_package'
[0.235s] Level 1:colcon.colcon_core.package_discovery:discover_packages(prefix_path) check parameters
[0.235s] Level 1:colcon.colcon_core.package_discovery:discover_packages(prefix_path) discover
[0.237s] DEBUG:colcon.colcon_installed_package_information.package_discovery:Found 2 installed packages in /home/fukumotoyuki/ros2_ws/install
[0.239s] DEBUG:colcon.colcon_installed_package_information.package_discovery:Found 256 installed packages in /opt/ros/foxy
[0.241s] Level 1:colcon.colcon_core.package_discovery:discover_packages(prefix_path) using defaults
[0.335s] Level 5:colcon.colcon_core.verb:set package 'tutorial_topic' build argument 'cmake_args' from command line to 'None'
[0.335s] Level 5:colcon.colcon_core.verb:set package 'tutorial_topic' build argument 'cmake_target' from command line to 'None'
[0.335s] Level 5:colcon.colcon_core.verb:set package 'tutorial_topic' build argument 'cmake_target_skip_unavailable' from command line to 'False'
[0.335s] Level 5:colcon.colcon_core.verb:set package 'tutorial_topic' build argument 'cmake_clean_cache' from command line to 'False'
[0.335s] Level 5:colcon.colcon_core.verb:set package 'tutorial_topic' build argument 'cmake_clean_first' from command line to 'False'
[0.335s] Level 5:colcon.colcon_core.verb:set package 'tutorial_topic' build argument 'cmake_force_configure' from command line to 'False'
[0.335s] Level 5:colcon.colcon_core.verb:set package 'tutorial_topic' build argument 'ament_cmake_args' from command line to 'None'
[0.335s] Level 5:colcon.colcon_core.verb:set package 'tutorial_topic' build argument 'catkin_cmake_args' from command line to 'None'
[0.335s] Level 5:colcon.colcon_core.verb:set package 'tutorial_topic' build argument 'catkin_skip_building_tests' from command line to 'False'
[0.335s] DEBUG:colcon.colcon_core.verb:Building package 'tutorial_topic' with the following arguments: {'ament_cmake_args': None, 'build_base': '/home/fukumotoyuki/ros2_ws/src/build/tutorial_topic', 'catkin_cmake_args': None, 'catkin_skip_building_tests': False, 'cmake_args': None, 'cmake_clean_cache': False, 'cmake_clean_first': False, 'cmake_force_configure': False, 'cmake_target': None, 'cmake_target_skip_unavailable': False, 'install_base': '/home/fukumotoyuki/ros2_ws/src/install/tutorial_topic', 'merge_install': False, 'path': '/home/fukumotoyuki/ros2_ws/src/tutorial_topic', 'symlink_install': False, 'test_result_base': None}
[0.336s] INFO:colcon.colcon_core.executor:Executing jobs using 'parallel' executor
[0.338s] DEBUG:colcon.colcon_parallel_executor.executor.parallel:run_until_complete
[0.338s] INFO:colcon.colcon_ros.task.ament_cmake.build:Building ROS package in '/home/fukumotoyuki/ros2_ws/src/tutorial_topic' with build type 'ament_cmake'
[0.339s] INFO:colcon.colcon_cmake.task.cmake.build:Building CMake package in '/home/fukumotoyuki/ros2_ws/src/tutorial_topic'
[0.345s] INFO:colcon.colcon_core.plugin_system:Skipping extension 'colcon_core.shell.bat': Not used on non-Windows systems
[0.345s] INFO:colcon.colcon_core.shell:Skip shell extension 'powershell' for command environment: Not usable outside of PowerShell
[0.345s] DEBUG:colcon.colcon_core.shell:Skip shell extension 'dsv' for command environment
[0.364s] DEBUG:colcon.colcon_core.event_handler.log_command:Invoking command in '/home/fukumotoyuki/ros2_ws/src/build/tutorial_topic': CMAKE_PREFIX_PATH=${CMAKE_PREFIX_PATH}:/opt/ros/foxy /usr/bin/cmake /home/fukumotoyuki/ros2_ws/src/tutorial_topic -DCMAKE_INSTALL_PREFIX=/home/fukumotoyuki/ros2_ws/src/install/tutorial_topic
[3.306s] DEBUG:colcon.colcon_core.event_handler.log_command:Invoked command in '/home/fukumotoyuki/ros2_ws/src/build/tutorial_topic' returned '0': CMAKE_PREFIX_PATH=${CMAKE_PREFIX_PATH}:/opt/ros/foxy /usr/bin/cmake /home/fukumotoyuki/ros2_ws/src/tutorial_topic -DCMAKE_INSTALL_PREFIX=/home/fukumotoyuki/ros2_ws/src/install/tutorial_topic
[3.312s] DEBUG:colcon.colcon_core.event_handler.log_command:Invoking command in '/home/fukumotoyuki/ros2_ws/src/build/tutorial_topic': CMAKE_PREFIX_PATH=${CMAKE_PREFIX_PATH}:/opt/ros/foxy /usr/bin/cmake --build /home/fukumotoyuki/ros2_ws/src/build/tutorial_topic -- -j4 -l4
[13.795s] DEBUG:colcon.colcon_core.event_handler.log_command:Invoked command in '/home/fukumotoyuki/ros2_ws/src/build/tutorial_topic' returned '0': CMAKE_PREFIX_PATH=${CMAKE_PREFIX_PATH}:/opt/ros/foxy /usr/bin/cmake --build /home/fukumotoyuki/ros2_ws/src/build/tutorial_topic -- -j4 -l4
[13.863s] DEBUG:colcon.colcon_core.event_handler.log_command:Invoking command in '/home/fukumotoyuki/ros2_ws/src/build/tutorial_topic': CMAKE_PREFIX_PATH=${CMAKE_PREFIX_PATH}:/opt/ros/foxy /usr/bin/cmake --install /home/fukumotoyuki/ros2_ws/src/build/tutorial_topic
[13.891s] Level 1:colcon.colcon_core.environment:create_environment_scripts_only(tutorial_topic)
[13.894s] DEBUG:colcon.colcon_core.event_handler.log_command:Invoked command in '/home/fukumotoyuki/ros2_ws/src/build/tutorial_topic' returned '0': CMAKE_PREFIX_PATH=${CMAKE_PREFIX_PATH}:/opt/ros/foxy /usr/bin/cmake --install /home/fukumotoyuki/ros2_ws/src/build/tutorial_topic
[13.897s] Level 1:colcon.colcon_core.environment:checking '/home/fukumotoyuki/ros2_ws/src/install/tutorial_topic' for CMake module files
[13.898s] Level 1:colcon.colcon_core.environment:checking '/home/fukumotoyuki/ros2_ws/src/install/tutorial_topic' for CMake config files
[13.898s] Level 1:colcon.colcon_core.shell:create_environment_hook('tutorial_topic', 'cmake_prefix_path')
[13.899s] INFO:colcon.colcon_core.shell:Creating environment hook '/home/fukumotoyuki/ros2_ws/src/install/tutorial_topic/share/tutorial_topic/hook/cmake_prefix_path.ps1'
[13.899s] INFO:colcon.colcon_core.shell:Creating environment descriptor '/home/fukumotoyuki/ros2_ws/src/install/tutorial_topic/share/tutorial_topic/hook/cmake_prefix_path.dsv'
[13.900s] INFO:colcon.colcon_core.shell:Creating environment hook '/home/fukumotoyuki/ros2_ws/src/install/tutorial_topic/share/tutorial_topic/hook/cmake_prefix_path.sh'
[13.901s] Level 1:colcon.colcon_core.environment:checking '/home/fukumotoyuki/ros2_ws/src/install/tutorial_topic/lib'
[13.901s] Level 1:colcon.colcon_core.environment:checking '/home/fukumotoyuki/ros2_ws/src/install/tutorial_topic/bin'
[13.901s] Level 1:colcon.colcon_core.environment:checking '/home/fukumotoyuki/ros2_ws/src/install/tutorial_topic/lib/pkgconfig/tutorial_topic.pc'
[13.902s] Level 1:colcon.colcon_core.environment:checking '/home/fukumotoyuki/ros2_ws/src/install/tutorial_topic/lib/python3.8/site-packages'
[13.902s] Level 1:colcon.colcon_core.environment:checking '/home/fukumotoyuki/ros2_ws/src/install/tutorial_topic/bin'
[13.903s] INFO:colcon.colcon_core.shell:Creating package script '/home/fukumotoyuki/ros2_ws/src/install/tutorial_topic/share/tutorial_topic/package.ps1'
[13.903s] INFO:colcon.colcon_core.shell:Creating package descriptor '/home/fukumotoyuki/ros2_ws/src/install/tutorial_topic/share/tutorial_topic/package.dsv'
[13.904s] INFO:colcon.colcon_core.shell:Creating package script '/home/fukumotoyuki/ros2_ws/src/install/tutorial_topic/share/tutorial_topic/package.sh'
[13.905s] INFO:colcon.colcon_core.shell:Creating package script '/home/fukumotoyuki/ros2_ws/src/install/tutorial_topic/share/tutorial_topic/package.bash'
[13.906s] INFO:colcon.colcon_core.shell:Creating package script '/home/fukumotoyuki/ros2_ws/src/install/tutorial_topic/share/tutorial_topic/package.zsh'
[13.906s] Level 1:colcon.colcon_core.environment:create_file_with_runtime_dependencies(/home/fukumotoyuki/ros2_ws/src/install/tutorial_topic/share/colcon-core/packages/tutorial_topic)
[13.962s] Level 1:colcon.colcon_core.environment:create_environment_scripts_only(tutorial_topic)
[13.966s] Level 1:colcon.colcon_core.environment:checking '/home/fukumotoyuki/ros2_ws/src/install/tutorial_topic' for CMake module files
[13.967s] Level 1:colcon.colcon_core.environment:checking '/home/fukumotoyuki/ros2_ws/src/install/tutorial_topic' for CMake config files
[13.969s] Level 1:colcon.colcon_core.shell:create_environment_hook('tutorial_topic', 'cmake_prefix_path')
[13.972s] INFO:colcon.colcon_core.shell:Creating environment hook '/home/fukumotoyuki/ros2_ws/src/install/tutorial_topic/share/tutorial_topic/hook/cmake_prefix_path.ps1'
[13.974s] INFO:colcon.colcon_core.shell:Creating environment descriptor '/home/fukumotoyuki/ros2_ws/src/install/tutorial_topic/share/tutorial_topic/hook/cmake_prefix_path.dsv'
[13.975s] INFO:colcon.colcon_core.shell:Creating environment hook '/home/fukumotoyuki/ros2_ws/src/install/tutorial_topic/share/tutorial_topic/hook/cmake_prefix_path.sh'
[13.977s] Level 1:colcon.colcon_core.environment:checking '/home/fukumotoyuki/ros2_ws/src/install/tutorial_topic/lib'
[13.977s] Level 1:colcon.colcon_core.environment:checking '/home/fukumotoyuki/ros2_ws/src/install/tutorial_topic/bin'
[13.977s] Level 1:colcon.colcon_core.environment:checking '/home/fukumotoyuki/ros2_ws/src/install/tutorial_topic/lib/pkgconfig/tutorial_topic.pc'
[13.978s] Level 1:colcon.colcon_core.environment:checking '/home/fukumotoyuki/ros2_ws/src/install/tutorial_topic/lib/python3.8/site-packages'
[13.978s] Level 1:colcon.colcon_core.environment:checking '/home/fukumotoyuki/ros2_ws/src/install/tutorial_topic/bin'
[13.979s] INFO:colcon.colcon_core.shell:Creating package script '/home/fukumotoyuki/ros2_ws/src/install/tutorial_topic/share/tutorial_topic/package.ps1'
[13.980s] INFO:colcon.colcon_core.shell:Creating package descriptor '/home/fukumotoyuki/ros2_ws/src/install/tutorial_topic/share/tutorial_topic/package.dsv'
[13.980s] INFO:colcon.colcon_core.shell:Creating package script '/home/fukumotoyuki/ros2_ws/src/install/tutorial_topic/share/tutorial_topic/package.sh'
[13.981s] INFO:colcon.colcon_core.shell:Creating package script '/home/fukumotoyuki/ros2_ws/src/install/tutorial_topic/share/tutorial_topic/package.bash'
[13.982s] INFO:colcon.colcon_core.shell:Creating package script '/home/fukumotoyuki/ros2_ws/src/install/tutorial_topic/share/tutorial_topic/package.zsh'
[13.982s] Level 1:colcon.colcon_core.environment:create_file_with_runtime_dependencies(/home/fukumotoyuki/ros2_ws/src/install/tutorial_topic/share/colcon-core/packages/tutorial_topic)
[13.983s] DEBUG:colcon.colcon_parallel_executor.executor.parallel:closing loop
[13.983s] DEBUG:colcon.colcon_parallel_executor.executor.parallel:loop closed
[13.984s] DEBUG:colcon.colcon_parallel_executor.executor.parallel:run_until_complete finished with '0'
[13.984s] DEBUG:colcon.colcon_core.event_reactor:joining thread
[13.993s] INFO:colcon.colcon_core.plugin_system:Skipping extension 'colcon_notification.desktop_notification.terminal_notifier': Not used on non-Darwin systems
[13.993s] INFO:colcon.colcon_core.plugin_system:Skipping extension 'colcon_notification.desktop_notification.win32': Not used on non-Windows systems
[13.993s] INFO:colcon.colcon_notification.desktop_notification:Sending desktop notification using 'notify2'
[14.023s] DEBUG:colcon.colcon_core.event_reactor:joined thread
[14.025s] INFO:colcon.colcon_core.shell:Creating prefix script '/home/fukumotoyuki/ros2_ws/src/install/local_setup.ps1'
[14.027s] INFO:colcon.colcon_core.shell:Creating prefix util module '/home/fukumotoyuki/ros2_ws/src/install/_local_setup_util_ps1.py'
[14.029s] INFO:colcon.colcon_core.shell:Creating prefix chain script '/home/fukumotoyuki/ros2_ws/src/install/setup.ps1'
[14.031s] INFO:colcon.colcon_core.shell:Creating prefix script '/home/fukumotoyuki/ros2_ws/src/install/local_setup.sh'
[14.033s] INFO:colcon.colcon_core.shell:Creating prefix util module '/home/fukumotoyuki/ros2_ws/src/install/_local_setup_util_sh.py'
[14.034s] INFO:colcon.colcon_core.shell:Creating prefix chain script '/home/fukumotoyuki/ros2_ws/src/install/setup.sh'
[14.036s] INFO:colcon.colcon_core.shell:Creating prefix script '/home/fukumotoyuki/ros2_ws/src/install/local_setup.bash'
[14.037s] INFO:colcon.colcon_core.shell:Creating prefix chain script '/home/fukumotoyuki/ros2_ws/src/install/setup.bash'
[14.039s] INFO:colcon.colcon_core.shell:Creating prefix script '/home/fukumotoyuki/ros2_ws/src/install/local_setup.zsh'
[14.039s] INFO:colcon.colcon_core.shell:Creating prefix chain script '/home/fukumotoyuki/ros2_ws/src/install/setup.zsh'
